<?xml version="1.0" encoding="UTF-8" ?>
<testsuite errors="0" failures="0" hostname="cms-uflap03" name="org.netbeans.modules.compapp.catd.ConfiguredTest" tests="1" time="18.658" timestamp="2009-11-13T17:13:16">
  <properties>
[...]
</properties>
  <testcase classname="org.netbeans.modules.compapp.catd.ConfiguredTest" name="getParameterCollection" time="18.602" />
  <system-out><![CDATA[{java.runtime.name=OpenJDK Runtime Environment, sun.boot.library.path=/usr/lib/jvm/java-6-openjdk/jre/lib/i386, java.vm.version=14.0-b16, java.vm.vendor=Sun Microsystems Inc., java.vendor.url=http://java.sun.com/, path.separator=:, java.vm.name=OpenJDK Server VM, file.encoding.pkg=sun.io, sun.java.launcher=SUN_STANDARD, user.country=US, sun.os.patch.level=unknown, java.vm.specification.name=Java Virtual Machine Specification, user.dir=/home/valdo/Documents/CSCDW/EMU/cscdw/Exsys, java.runtime.version=1.6.0_0-b16, java.awt.graphicsenv=sun.awt.X11GraphicsEnvironment, inDebug=${inDebug}, java.endorsed.dirs=/usr/lib/jvm/java-6-openjdk/jre/lib/endorsed, os.arch=i386, java.io.tmpdir=/tmp, line.separator=
, java.vm.specification.vendor=Sun Microsystems Inc., os.name=Linux, sun.jnu.encoding=UTF-8, java.library.path=/usr/lib/jvm/java-6-openjdk/jre/lib/i386/server:/usr/lib/jvm/java-6-openjdk/jre/lib/i386:/usr/lib/jvm/java-6-openjdk/jre/../lib/i386:/usr/lib/jvm/java-6-openjdk/jre/lib/i386/client:/usr/lib/jvm/java-6-openjdk/jre/lib/i386:/usr/lib/jvm/java-6-openjdk/jre/../lib/i386:/usr/java/packages/lib/i386:/usr/lib/jni:/lib:/usr/lib, java.specification.name=Java Platform API Specification, java.class.version=50.0, sun.management.compiler=HotSpot Tiered Compilers, os.version=2.6.31-14-generic, user.home=/home/valdo, user.zoneinfo.dir=/usr/share/javazi, user.timezone=Europe/Zurich, java.awt.printerjob=sun.print.PSPrinterJob, file.encoding=UTF-8, java.specification.version=1.6, java.class.path=/home/valdo/GlassFishESBv21/netbeans/soa2/modules/org-netbeans-modules-compapp-manager-jbi.jar:/home/valdo/GlassFishESBv21/netbeans/soa2/modules/org-netbeans-modules-compapp-projects-jbi.jar:/home/valdo/GlassFishESBv21/netbeans/soa2/modules/ext/jbi/jbi-admin-common.jar:/home/valdo/GlassFishESBv21/netbeans/soa2/modules/ext/jbi/catd.jar:/home/valdo/GlassFishESBv21/netbeans/java2/modules/ext/junit-3.8.2.jar:/home/valdo/GlassFishESBv21/netbeans/java2/modules/ext/jaxws21/api/saaj-api.jar:/home/valdo/GlassFishESBv21/netbeans/java2/modules/ext/jaxws21/saaj-impl.jar:/home/valdo/GlassFishESBv21/netbeans/java2/modules/ext/jaxws21/FastInfoset.jar:/home/valdo/GlassFishESBv21/netbeans/ide10/modules/org-netbeans-modules-editor-lib.jar:/home/valdo/GlassFishESBv21/netbeans/ide10/modules/org-netbeans-modules-editor.jar:/home/valdo/GlassFishESBv21/netbeans/ide10/modules/org-netbeans-modules-editor-util.jar:/home/valdo/GlassFishESBv21/netbeans/ide10/modules/org-netbeans-modules-editor-lib2.jar:/home/valdo/GlassFishESBv21/netbeans/ide10/modules/org-netbeans-modules-editor-indent.jar:/home/valdo/GlassFishESBv21/netbeans/ide10/modules/org-netbeans-modules-editor-plain.jar:/home/valdo/GlassFishESBv21/netbeans/ide10/modules/org-netbeans-modules-editor-plain-lib.jar:/home/valdo/GlassFishESBv21/netbeans/ide10/modules/org-netbeans-modules-editor-settings.jar:/home/valdo/GlassFishESBv21/netbeans/ide10/modules/org-netbeans-modules-editor-settings-storage.jar:/home/valdo/GlassFishESBv21/netbeans/ide10/modules/org-netbeans-modules-lexer.jar:/home/valdo/GlassFishESBv21/netbeans/ide10/modules/org-netbeans-modules-xml-core.jar:/home/valdo/GlassFishESBv21/netbeans/ide10/modules/org-netbeans-modules-xml-lexer.jar:/home/valdo/GlassFishESBv21/netbeans/ide10/modules/org-netbeans-modules-xml-text.jar:/home/valdo/GlassFishESBv21/netbeans/ide10/modules/org-netbeans-modules-xml-xdm.jar:/home/valdo/GlassFishESBv21/netbeans/ide10/modules/org-netbeans-modules-xml-xam.jar:/home/valdo/GlassFishESBv21/netbeans/ide10/modules/ext/jaxb/activation.jar:/home/valdo/GlassFishESBv21/netbeans/platform9/lib/org-openide-modules.jar:/home/valdo/GlassFishESBv21/netbeans/platform9/lib/org-openide-util.jar:/home/valdo/GlassFishESBv21/netbeans/platform9/modules/org-openide-options.jar:/home/valdo/GlassFishESBv21/netbeans/platform9/modules/org-openide-text.jar:/home/valdo/GlassFishESBv21/netbeans/platform9/modules/org-openide-loaders.jar:/home/valdo/GlassFishESBv21/netbeans/platform9/modules/org-openide-nodes.jar:/home/valdo/GlassFishESBv21/netbeans/platform9/modules/org-netbeans-modules-editor-mimelookup.jar:/home/valdo/GlassFishESBv21/netbeans/platform9/modules/org-netbeans-modules-editor-mimelookup-impl.jar:/home/valdo/GlassFishESBv21/netbeans/platform9/core/org-openide-filesystems.jar:/home/valdo/GlassFishESBv21/netbeans/java2/ant/lib/ant-launcher.jar:/home/valdo/GlassFishESBv21/netbeans/java2/ant/lib/ant.jar:/home/valdo/GlassFishESBv21/netbeans/java2/ant/patches/72080.jar, user.name=valdo, java.vm.specification.version=1.0, java.home=/usr/lib/jvm/java-6-openjdk/jre, sun.arch.data.model=32, org.netbeans.modules.compapp.catd.context=, user.language=en, java.specification.vendor=Sun Microsystems Inc., NetBeansUserDir=/home/valdo/GlassFishESBv21/.netbeans/glassfishesb, java.vm.info=mixed mode, java.version=1.6.0_0, java.ext.dirs=/usr/lib/jvm/java-6-openjdk/jre/lib/ext:/usr/java/packages/lib/ext, sun.boot.class.path=/usr/lib/jvm/java-6-openjdk/jre/lib/resources.jar:/usr/lib/jvm/java-6-openjdk/jre/lib/rt.jar:/usr/lib/jvm/java-6-openjdk/jre/lib/sunrsasign.jar:/usr/lib/jvm/java-6-openjdk/jre/lib/jsse.jar:/usr/lib/jvm/java-6-openjdk/jre/lib/jce.jar:/usr/lib/jvm/java-6-openjdk/jre/lib/charsets.jar:/usr/lib/jvm/java-6-openjdk/jre/lib/rhino.jar:/usr/lib/jvm/java-6-openjdk/jre/classes, java.vendor=Sun Microsystems Inc., file.separator=/, java.vendor.url.bug=http://java.sun.com/cgi-bin/bugreport.cgi, sun.io.unicode.encoding=UnicodeLittle, sun.cpu.endian=little, sun.desktop=gnome, sun.cpu.isalist=}
Test getParameterCollection\Concurrent.properties
Replace '${HttpDefaultPort}' in WSDL soap location by '9080' defined in sun-http-binding.
 Passed. Threads count Success: <1> Error: <0> Not completed: <0>
]]></system-out>
  <system-err><![CDATA[]]></system-err>
</testsuite>
